<?xml version="1.0" encoding="UTF-8"?>
<testsuite name="etang.TodoListJ.ServiceTest.ImplTest.TodoListServiceImplTest" tests="1" skipped="0" failures="0" errors="0" timestamp="2023-12-15T17:33:33" hostname="Ethans-MBP" time="0.027">
  <properties/>
  <testcase name="testAddItemToTodoListWithFullList()" classname="etang.TodoListJ.ServiceTest.ImplTest.TodoListServiceImplTest" time="0.027"/>
  <system-out><![CDATA[
  .   ____          _            __ _ _
 /\\ / ___'_ __ _ _(_)_ __  __ _ \ \ \ \
( ( )\___ | '_ | '_| | '_ \/ _` | \ \ \ \
 \\/  ___)| |_)| | | | | || (_| |  ) ) ) )
  '  |____| .__|_| |_|_| |_\__, | / / / /
 =========|_|==============|___/=/_/_/_/
 :: Spring Boot ::                (v3.2.0)

2023-12-15T18:33:32.212+01:00  INFO 15380 --- [    Test worker] e.T.S.ImplTest.TodoListServiceImplTest   : Starting TodoListServiceImplTest using Java 20.0.2 with PID 15380 (started by ethan in /Users/ethan/Documents/cours/TestUnitaire/TodoListJ)
2023-12-15T18:33:32.213+01:00  INFO 15380 --- [    Test worker] e.T.S.ImplTest.TodoListServiceImplTest   : No active profile set, falling back to 1 default profile: "default"
2023-12-15T18:33:32.461+01:00  INFO 15380 --- [    Test worker] .s.d.r.c.RepositoryConfigurationDelegate : Bootstrapping Spring Data JPA repositories in DEFAULT mode.
2023-12-15T18:33:32.481+01:00  INFO 15380 --- [    Test worker] .s.d.r.c.RepositoryConfigurationDelegate : Finished Spring Data repository scanning in 18 ms. Found 3 JPA repository interfaces.
2023-12-15T18:33:32.650+01:00  INFO 15380 --- [    Test worker] o.hibernate.jpa.internal.util.LogHelper  : HHH000204: Processing PersistenceUnitInfo [name: default]
2023-12-15T18:33:32.675+01:00  INFO 15380 --- [    Test worker] org.hibernate.Version                    : HHH000412: Hibernate ORM core version 6.3.1.Final
2023-12-15T18:33:32.689+01:00  INFO 15380 --- [    Test worker] o.h.c.internal.RegionFactoryInitiator    : HHH000026: Second-level cache disabled
2023-12-15T18:33:32.781+01:00  INFO 15380 --- [    Test worker] o.s.o.j.p.SpringPersistenceUnitInfo      : No LoadTimeWeaver setup: ignoring JPA class transformer
2023-12-15T18:33:32.791+01:00  INFO 15380 --- [    Test worker] com.zaxxer.hikari.HikariDataSource       : HikariPool-1 - Starting...
2023-12-15T18:33:32.887+01:00  INFO 15380 --- [    Test worker] com.zaxxer.hikari.pool.HikariPool        : HikariPool-1 - Added connection org.postgresql.jdbc.PgConnection@55951fcd
2023-12-15T18:33:32.888+01:00  INFO 15380 --- [    Test worker] com.zaxxer.hikari.HikariDataSource       : HikariPool-1 - Start completed.
2023-12-15T18:33:32.902+01:00  WARN 15380 --- [    Test worker] org.hibernate.orm.deprecation            : HHH90000025: PostgreSQLDialect does not need to be specified explicitly using 'hibernate.dialect' (remove the property setting and it will be selected by default)
2023-12-15T18:33:33.248+01:00  INFO 15380 --- [    Test worker] o.h.e.t.j.p.i.JtaPlatformInitiator       : HHH000489: No JTA platform available (set 'hibernate.transaction.jta.platform' to enable JTA platform integration)
2023-12-15T18:33:33.309+01:00  INFO 15380 --- [    Test worker] j.LocalContainerEntityManagerFactoryBean : Initialized JPA EntityManagerFactory for persistence unit 'default'
2023-12-15T18:33:33.612+01:00  INFO 15380 --- [    Test worker] e.T.S.ImplTest.TodoListServiceImplTest   : Started TodoListServiceImplTest in 1.494 seconds (process running for 1.908)
La liste de l'utilisateur est déja pleine
]]></system-out>
  <system-err><![CDATA[]]></system-err>
</testsuite>
